-------------------------------------------------------------------------------
Test set: asteroids.AsteroidsTest
-------------------------------------------------------------------------------
Tests run: 4, Failures: 1, Errors: 0, Skipped: 0, Time elapsed: 0.144 s <<< FAILURE! - in asteroids.AsteroidsTest
osa4Tehty(asteroids.AsteroidsTest)  Time elapsed: 0.02 s  <<< FAILURE!
junit.framework.AssertionFailedError
	at asteroids.AsteroidsTest.osa4Tehty(AsteroidsTest.java:30)

